<?xml version="1.0" encoding="UTF-8"?>
<testng-results ignored="0" total="1" passed="1" failed="0" skipped="0">
  <reporter-output>
  </reporter-output>
  <suite started-at="2025-01-19T18:28:44 GMT-06:00" name="Surefire suite" finished-at="2025-01-19T18:28:45 GMT-06:00" duration-ms="740">
    <groups>
    </groups>
    <test started-at="2025-01-19T18:28:44 GMT-06:00" name="Surefire test" finished-at="2025-01-19T18:28:45 GMT-06:00" duration-ms="740">
      <class name="testcases.LoginTest">
        <test-method signature="login()[pri:0, instance:testcases.LoginTest@15de0b3c]" started-at="2025-01-19T18:28:44 GMT-06:00" name="login" finished-at="2025-01-19T18:28:45 GMT-06:00" duration-ms="693" status="PASS">
          <reporter-output>
          </reporter-output>
        </test-method> <!-- login -->
      </class> <!-- testcases.LoginTest -->
    </test> <!-- Surefire test -->
  </suite> <!-- Surefire suite -->
</testng-results>
