<?xml version="1.0" encoding="UTF-8"?>
<testng-results ignored="0" total="1" passed="1" failed="0" skipped="0">
  <reporter-output>
  </reporter-output>
  <suite started-at="2025-02-15T16:32:59 GMT-06:00" name="Default suite" finished-at="2025-02-15T16:33:04 GMT-06:00" duration-ms="4784">
    <groups>
    </groups>
    <test started-at="2025-02-15T16:32:59 GMT-06:00" name="Default test" finished-at="2025-02-15T16:33:04 GMT-06:00" duration-ms="4784">
      <class name="testcases.LoginTest">
        <test-method signature="loginTest()[pri:0, instance:testcases.LoginTest@ed7f8b4]" started-at="2025-02-15T16:32:59 GMT-06:00" name="loginTest" finished-at="2025-02-15T16:33:04 GMT-06:00" duration-ms="4750" status="PASS">
          <reporter-output>
          </reporter-output>
        </test-method> <!-- loginTest -->
      </class> <!-- testcases.LoginTest -->
    </test> <!-- Default test -->
  </suite> <!-- Default suite -->
</testng-results>
