<?xml version="1.0" encoding="UTF-8"?>
<!-- Generated by org.testng.reporters.JUnitXMLReporter -->
<testsuite ignored="0" hostname="LAPTOP-RP7PCHJ7" failures="0" tests="6" name="Default test" time="0.057" errors="0" timestamp="2025-01-19T14:37:27 GMT-06:00">
  <testcase classname="testcases.ParameterizesTestcases" name="create" time="0.007"/>
  <testcase classname="testcases.ParameterizesTestcases" name="create" time="0.001"/>
  <testcase classname="testcases.ParameterizesTestcases" name="create" time="0.001"/>
  <testcase classname="testcases.ParameterizesTestcases" name="delete" time="0.001"/>
  <testcase classname="testcases.ParameterizesTestcases" name="delete" time="0.001"/>
  <testcase classname="testcases.ParameterizesTestcases" name="delete" time="0.001"/>
</testsuite> <!-- Default test -->
