<?xml version="1.0" encoding="UTF-8"?>
<testng-results ignored="0" total="1" passed="1" failed="0" skipped="0">
  <reporter-output>
  </reporter-output>
  <suite started-at="2025-01-22T22:21:13 GMT-06:00" name="Default suite" finished-at="2025-01-22T22:21:18 GMT-06:00" duration-ms="5447">
    <groups>
    </groups>
    <test started-at="2025-01-22T22:21:13 GMT-06:00" name="Default test" finished-at="2025-01-22T22:21:18 GMT-06:00" duration-ms="5447">
      <class name="optionsandprofiling.ChromeProfilingAndOptions">
        <test-method signature="chrome()[pri:0, instance:optionsandprofiling.ChromeProfilingAndOptions@3f56875e]" started-at="2025-01-22T22:21:13 GMT-06:00" name="chrome" finished-at="2025-01-22T22:21:18 GMT-06:00" duration-ms="5400" status="PASS">
          <reporter-output>
          </reporter-output>
        </test-method> <!-- chrome -->
      </class> <!-- optionsandprofiling.ChromeProfilingAndOptions -->
    </test> <!-- Default test -->
  </suite> <!-- Default suite -->
</testng-results>
