<?xml version="1.0" encoding="UTF-8"?>
<!-- Generated by org.testng.reporters.JUnitXMLReporter -->
<testsuite ignored="0" hostname="LAPTOP-RP7PCHJ7" failures="1" tests="1" name="Login Test" time="0.77" errors="0" timestamp="2025-01-22T15:20:51 GMT-06:00">
  <testcase classname="testcases.LoginTest" name="login" time="0.014">
    <failure type="java.lang.AssertionError" message="404, Error">
      <![CDATA[java.lang.AssertionError: 404, Error
at testcases.LoginTest.login(LoginTest.java:47)
at java.base/java.util.ArrayList.forEach(ArrayList.java:1511)
... Removed 28 stack frames]]>
    </failure>
  </testcase> <!-- login -->
</testsuite> <!-- Login Test -->
