<?xml version="1.0" encoding="UTF-8"?>
<!-- Generated by org.testng.reporters.JUnitXMLReporter -->
<testsuite ignored="0" hostname="LAPTOP-RP7PCHJ7" failures="0" tests="5" name="Test" time="19.26" errors="0" timestamp="2025-02-12T19:06:23 GMT-06:00">
  <testcase classname="testcases.testCaseA1" name="TestA1" time="5.745"/>
  <testcase classname="testcases.testCaseA2" name="TestA2" time="7.425"/>
  <testcase classname="testcases.testCaseA3" name="TestA3" time="7.502"/>
  <testcase classname="testcases.testCaseA5" name="TestA5" time="13.661"/>
  <testcase classname="testcases.testCaseA4" name="TestA4" time="13.661"/>
</testsuite> <!-- Test -->
