<?xml version="1.0" encoding="UTF-8"?>
<!-- Generated by org.testng.reporters.JUnitXMLReporter -->
<testsuite ignored="0" hostname="LAPTOP-RP7PCHJ7" failures="0" tests="5" name="Default test" time="31.753" errors="0" timestamp="2025-02-12T19:04:10 GMT-06:00">
  <testcase classname="testcases.testCaseA3" name="TestA3" time="5.279"/>
  <testcase classname="testcases.testCaseA2" name="TestA2" time="4.306"/>
  <testcase classname="testcases.testCaseA5" name="TestA5" time="7.854"/>
  <testcase classname="testcases.testCaseA4" name="TestA4" time="7.396"/>
  <testcase classname="testcases.testCaseA1" name="TestA1" time="4.61"/>
</testsuite> <!-- Default test -->
